<?xml version="1.0" encoding="UTF-8"?>
<coverage generated="1605819744024" clover="3.2.0">
  <project timestamp="1605819744024" name="All files">
    <metrics statements="28" coveredstatements="22" conditionals="9" coveredconditionals="4" methods="4" coveredmethods="4" elements="41" coveredelements="30" complexity="0" loc="28" ncloc="28" packages="1" files="3" classes="3"/>
    <file name="validateCellNumberLength.js" path="/Users/tmakibile/Documents/JestPlayGround/src/validateCellNumberLength.js">
      <metrics statements="15" coveredstatements="11" conditionals="5" coveredconditionals="2" methods="2" coveredmethods="2"/>
      <line num="3" count="1" type="stmt"/>
      <line num="4" count="1" type="cond" truecount="1" falsecount="1"/>
      <line num="5" count="1" type="stmt"/>
      <line num="7" count="0" type="stmt"/>
      <line num="10" count="1" type="stmt"/>
      <line num="15" count="1" type="stmt"/>
      <line num="16" count="1" type="stmt"/>
      <line num="18" count="1" type="cond" truecount="1" falsecount="2"/>
      <line num="20" count="1" type="stmt"/>
      <line num="21" count="1" type="stmt"/>
      <line num="23" count="0" type="stmt"/>
      <line num="24" count="0" type="stmt"/>
      <line num="26" count="0" type="stmt"/>
      <line num="29" count="1" type="stmt"/>
      <line num="33" count="1" type="stmt"/>
    </file>
    <file name="validateIdNumberDigit.js" path="/Users/tmakibile/Documents/JestPlayGround/src/validateIdNumberDigit.js">
      <metrics statements="7" coveredstatements="6" conditionals="2" coveredconditionals="1" methods="1" coveredmethods="1"/>
      <line num="2" count="1" type="stmt"/>
      <line num="3" count="1" type="stmt"/>
      <line num="5" count="1" type="cond" truecount="1" falsecount="1"/>
      <line num="6" count="1" type="stmt"/>
      <line num="8" count="0" type="stmt"/>
      <line num="11" count="1" type="stmt"/>
      <line num="13" count="1" type="stmt"/>
    </file>
    <file name="validateIdNumberLength.js" path="/Users/tmakibile/Documents/JestPlayGround/src/validateIdNumberLength.js">
      <metrics statements="6" coveredstatements="5" conditionals="2" coveredconditionals="1" methods="1" coveredmethods="1"/>
      <line num="2" count="1" type="stmt"/>
      <line num="3" count="1" type="cond" truecount="1" falsecount="1"/>
      <line num="4" count="1" type="stmt"/>
      <line num="6" count="0" type="stmt"/>
      <line num="8" count="1" type="stmt"/>
      <line num="11" count="1" type="stmt"/>
    </file>
  </project>
</coverage>
