<?xml version="1.0" encoding="UTF-8"?>
<coverage generated="1605555379039" clover="3.2.0">
  <project timestamp="1605555379039" name="All files">
    <metrics statements="13" coveredstatements="11" conditionals="4" coveredconditionals="2" methods="2" coveredmethods="2" elements="19" coveredelements="15" complexity="0" loc="13" ncloc="13" packages="1" files="2" classes="2"/>
    <file name="validateIdNumberDigit.js" path="/Users/tmakibile/Documents/JestPlayGround/src/validateIdNumberDigit.js">
      <metrics statements="7" coveredstatements="6" conditionals="2" coveredconditionals="1" methods="1" coveredmethods="1"/>
      <line num="2" count="1" type="stmt"/>
      <line num="3" count="1" type="stmt"/>
      <line num="5" count="1" type="cond" truecount="1" falsecount="1"/>
      <line num="6" count="1" type="stmt"/>
      <line num="8" count="0" type="stmt"/>
      <line num="11" count="1" type="stmt"/>
      <line num="13" count="1" type="stmt"/>
    </file>
    <file name="validateIdNumberLength.js" path="/Users/tmakibile/Documents/JestPlayGround/src/validateIdNumberLength.js">
      <metrics statements="6" coveredstatements="5" conditionals="2" coveredconditionals="1" methods="1" coveredmethods="1"/>
      <line num="5" count="1" type="stmt"/>
      <line num="6" count="1" type="cond" truecount="1" falsecount="1"/>
      <line num="7" count="1" type="stmt"/>
      <line num="9" count="0" type="stmt"/>
      <line num="11" count="1" type="stmt"/>
      <line num="14" count="1" type="stmt"/>
    </file>
  </project>
</coverage>
