{"/Users/tmakibile/Documents/JestPlayGround/src/validateCellNumberLength.js": {"path":"/Users/tmakibile/Documents/JestPlayGround/src/validateCellNumberLength.js","statementMap":{"0":{"start":{"line":3,"column":27},"end":{"line":3,"column":32}},"1":{"start":{"line":4,"column":4},"end":{"line":8,"column":5}},"2":{"start":{"line":5,"column":8},"end":{"line":5,"column":32}},"3":{"start":{"line":7,"column":8},"end":{"line":7,"column":33}},"4":{"start":{"line":10,"column":4},"end":{"line":10,"column":28}},"5":{"start":{"line":15,"column":22},"end":{"line":15,"column":47}},"6":{"start":{"line":16,"column":26},"end":{"line":16,"column":31}},"7":{"start":{"line":18,"column":4},"end":{"line":27,"column":5}},"8":{"start":{"line":20,"column":8},"end":{"line":20,"column":31}},"9":{"start":{"line":21,"column":8},"end":{"line":21,"column":14}},"10":{"start":{"line":23,"column":8},"end":{"line":23,"column":31}},"11":{"start":{"line":24,"column":8},"end":{"line":24,"column":14}},"12":{"start":{"line":26,"column":8},"end":{"line":26,"column":31}},"13":{"start":{"line":29,"column":4},"end":{"line":29,"column":23}},"14":{"start":{"line":33,"column":0},"end":{"line":33,"column":64}}},"fnMap":{"0":{"name":"validateCellNumberLength","decl":{"start":{"line":1,"column":9},"end":{"line":1,"column":33}},"loc":{"start":{"line":1,"column":46},"end":{"line":12,"column":1}},"line":1},"1":{"name":"validateCellNumber","decl":{"start":{"line":14,"column":9},"end":{"line":14,"column":27}},"loc":{"start":{"line":14,"column":39},"end":{"line":31,"column":1}},"line":14}},"branchMap":{"0":{"loc":{"start":{"line":4,"column":4},"end":{"line":8,"column":5}},"type":"if","locations":[{"start":{"line":4,"column":4},"end":{"line":8,"column":5}},{"start":{"line":4,"column":4},"end":{"line":8,"column":5}}],"line":4},"1":{"loc":{"start":{"line":18,"column":4},"end":{"line":27,"column":5}},"type":"switch","locations":[{"start":{"line":19,"column":4},"end":{"line":21,"column":14}},{"start":{"line":22,"column":4},"end":{"line":24,"column":14}},{"start":{"line":25,"column":4},"end":{"line":26,"column":31}}],"line":18}},"s":{"0":1,"1":1,"2":1,"3":0,"4":1,"5":1,"6":1,"7":1,"8":1,"9":1,"10":0,"11":0,"12":0,"13":1,"14":1},"f":{"0":1,"1":1},"b":{"0":[1,0],"1":[1,0,0]},"_coverageSchema":"1a1c01bbd47fc00a2c39e90264f33305004495a9","hash":"52d09df12e0cd83c969358a632e795031ca47593"}
,"/Users/tmakibile/Documents/JestPlayGround/src/validateIdNumberDigit.js": {"path":"/Users/tmakibile/Documents/JestPlayGround/src/validateIdNumberDigit.js","statementMap":{"0":{"start":{"line":2,"column":21},"end":{"line":2,"column":43}},"1":{"start":{"line":3,"column":27},"end":{"line":3,"column":32}},"2":{"start":{"line":5,"column":4},"end":{"line":9,"column":5}},"3":{"start":{"line":6,"column":8},"end":{"line":6,"column":32}},"4":{"start":{"line":8,"column":8},"end":{"line":8,"column":33}},"5":{"start":{"line":11,"column":4},"end":{"line":11,"column":28}},"6":{"start":{"line":13,"column":0},"end":{"line":13,"column":39}}},"fnMap":{"0":{"name":"validateIdNumberDigit","decl":{"start":{"line":1,"column":9},"end":{"line":1,"column":30}},"loc":{"start":{"line":1,"column":41},"end":{"line":12,"column":1}},"line":1}},"branchMap":{"0":{"loc":{"start":{"line":5,"column":4},"end":{"line":9,"column":5}},"type":"if","locations":[{"start":{"line":5,"column":4},"end":{"line":9,"column":5}},{"start":{"line":5,"column":4},"end":{"line":9,"column":5}}],"line":5}},"s":{"0":1,"1":1,"2":1,"3":1,"4":0,"5":1,"6":1},"f":{"0":1},"b":{"0":[1,0]},"_coverageSchema":"1a1c01bbd47fc00a2c39e90264f33305004495a9","hash":"c5ada327d534e6d14f838ba3b09a375c206ff6d8"}
,"/Users/tmakibile/Documents/JestPlayGround/src/validateIdNumberLength.js": {"path":"/Users/tmakibile/Documents/JestPlayGround/src/validateIdNumberLength.js","statementMap":{"0":{"start":{"line":2,"column":25},"end":{"line":2,"column":30}},"1":{"start":{"line":3,"column":4},"end":{"line":7,"column":5}},"2":{"start":{"line":4,"column":8},"end":{"line":4,"column":30}},"3":{"start":{"line":6,"column":8},"end":{"line":6,"column":31}},"4":{"start":{"line":8,"column":4},"end":{"line":8,"column":26}},"5":{"start":{"line":11,"column":0},"end":{"line":11,"column":34}}},"fnMap":{"0":{"name":"validateIdLength","decl":{"start":{"line":1,"column":9},"end":{"line":1,"column":25}},"loc":{"start":{"line":1,"column":35},"end":{"line":9,"column":1}},"line":1}},"branchMap":{"0":{"loc":{"start":{"line":3,"column":4},"end":{"line":7,"column":5}},"type":"if","locations":[{"start":{"line":3,"column":4},"end":{"line":7,"column":5}},{"start":{"line":3,"column":4},"end":{"line":7,"column":5}}],"line":3}},"s":{"0":1,"1":1,"2":1,"3":0,"4":1,"5":1},"f":{"0":1},"b":{"0":[1,0]},"_coverageSchema":"1a1c01bbd47fc00a2c39e90264f33305004495a9","hash":"d2ab62e2bca0bc52164ab864fc3a1efb2ef03486"}
}
