TN:
SF:src/validateCellNumberLength.js
FN:1,validateCellNumberLength
FN:14,validateCellNumber
FNF:2
FNH:2
FNDA:1,validateCellNumberLength
FNDA:1,validateCellNumber
DA:3,1
DA:4,1
DA:5,1
DA:7,0
DA:10,1
DA:15,1
DA:16,1
DA:18,1
DA:20,1
DA:21,1
DA:23,0
DA:24,0
DA:26,0
DA:29,1
DA:33,1
LF:15
LH:11
BRDA:4,0,0,1
BRDA:4,0,1,0
BRDA:18,1,0,1
BRDA:18,1,1,0
BRDA:18,1,2,0
BRF:5
BRH:2
end_of_record
TN:
SF:src/validateIdNumberDigit.js
FN:1,validateIdNumberDigit
FNF:1
FNH:1
FNDA:1,validateIdNumberDigit
DA:2,1
DA:3,1
DA:5,1
DA:6,1
DA:8,0
DA:11,1
DA:13,1
LF:7
LH:6
BRDA:5,0,0,1
BRDA:5,0,1,0
BRF:2
BRH:1
end_of_record
TN:
SF:src/validateIdNumberLength.js
FN:1,validateIdLength
FNF:1
FNH:1
FNDA:1,validateIdLength
DA:2,1
DA:3,1
DA:4,1
DA:6,0
DA:8,1
DA:11,1
LF:6
LH:5
BRDA:3,0,0,1
BRDA:3,0,1,0
BRF:2
BRH:1
end_of_record
